<?xml version="1.0" encoding="UTF-8" ?>
<testsuite failures="0" time="1.84" errors="0" skipped="0" tests="1" name="com.shaunabram.springmvc.controller.HelloWorldControllerIT">
  <properties>
    <property name="java.runtime.name" value="Java(TM) SE Runtime Environment"/>
    <property name="sun.boot.library.path" value="/usr/lib/jvm/java-7-oracle/jre/lib/amd64"/>
    <property name="java.vm.version" value="23.7-b01"/>
    <property name="java.vm.vendor" value="Oracle Corporation"/>
    <property name="java.vendor.url" value="http://java.oracle.com/"/>
    <property name="path.separator" value=":"/>
    <property name="java.vm.name" value="Java HotSpot(TM) 64-Bit Server VM"/>
    <property name="file.encoding.pkg" value="sun.io"/>
    <property name="user.country" value="FR"/>
    <property name="sun.java.launcher" value="SUN_STANDARD"/>
    <property name="sun.os.patch.level" value="unknown"/>
    <property name="java.vm.specification.name" value="Java Virtual Machine Specification"/>
    <property name="user.dir" value="/home/sfeir/MyWorkspace/SpringMVC"/>
    <property name="java.runtime.version" value="1.7.0_13-b20"/>
    <property name="java.awt.graphicsenv" value="sun.awt.X11GraphicsEnvironment"/>
    <property name="basedir" value="/home/sfeir/MyWorkspace/SpringMVC"/>
    <property name="java.endorsed.dirs" value="/usr/lib/jvm/java-7-oracle/jre/lib/endorsed"/>
    <property name="os.arch" value="amd64"/>
    <property name="surefire.real.class.path" value="/tmp/surefirebooter8815533522313130902.jar"/>
    <property name="java.io.tmpdir" value="/tmp"/>
    <property name="line.separator" value="
"/>
    <property name="java.vm.specification.vendor" value="Oracle Corporation"/>
    <property name="os.name" value="Linux"/>
    <property name="sun.jnu.encoding" value="UTF-8"/>
    <property name="java.library.path" value=".::/usr/java/packages/lib/amd64:/usr/lib64:/lib64:/lib:/usr/lib"/>
    <property name="surefire.test.class.path" value="/home/sfeir/MyWorkspace/SpringMVC/target/test-classes:/home/sfeir/MyWorkspace/SpringMVC/target/classes:/home/sfeir/.m2/repository/org/apache/maven/surefire/surefire-junit47/2.12/surefire-junit47-2.12.jar:/home/sfeir/.m2/repository/org/apache/maven/surefire/common-junit48/2.12/common-junit48-2.12.jar:/home/sfeir/.m2/repository/org/apache/maven/surefire/common-junit4/2.12/common-junit4-2.12.jar:/home/sfeir/.m2/repository/org/apache/maven/surefire/common-junit3/2.12/common-junit3-2.12.jar:/home/sfeir/.m2/repository/org/apache/maven/surefire/surefire-api/2.12/surefire-api-2.12.jar:/home/sfeir/.m2/repository/org/apache/maven/surefire/surefire-grouper/2.12/surefire-grouper-2.12.jar:/home/sfeir/.m2/repository/org/springframework/spring-context/3.0.6.RELEASE/spring-context-3.0.6.RELEASE.jar:/home/sfeir/.m2/repository/org/springframework/spring-aop/3.0.6.RELEASE/spring-aop-3.0.6.RELEASE.jar:/home/sfeir/.m2/repository/aopalliance/aopalliance/1.0/aopalliance-1.0.jar:/home/sfeir/.m2/repository/org/springframework/spring-asm/3.0.6.RELEASE/spring-asm-3.0.6.RELEASE.jar:/home/sfeir/.m2/repository/org/springframework/spring-beans/3.0.6.RELEASE/spring-beans-3.0.6.RELEASE.jar:/home/sfeir/.m2/repository/org/springframework/spring-core/3.0.6.RELEASE/spring-core-3.0.6.RELEASE.jar:/home/sfeir/.m2/repository/org/springframework/spring-expression/3.0.6.RELEASE/spring-expression-3.0.6.RELEASE.jar:/home/sfeir/.m2/repository/org/springframework/spring-webmvc/3.0.6.RELEASE/spring-webmvc-3.0.6.RELEASE.jar:/home/sfeir/.m2/repository/org/springframework/spring-context-support/3.0.6.RELEASE/spring-context-support-3.0.6.RELEASE.jar:/home/sfeir/.m2/repository/org/springframework/spring-web/3.0.6.RELEASE/spring-web-3.0.6.RELEASE.jar:/home/sfeir/.m2/repository/cglib/cglib-nodep/2.2/cglib-nodep-2.2.jar:/home/sfeir/.m2/repository/org/slf4j/slf4j-api/1.6.1/slf4j-api-1.6.1.jar:/home/sfeir/.m2/repository/org/slf4j/jcl-over-slf4j/1.6.1/jcl-over-slf4j-1.6.1.jar:/home/sfeir/.m2/repository/org/slf4j/slf4j-log4j12/1.6.1/slf4j-log4j12-1.6.1.jar:/home/sfeir/.m2/repository/log4j/log4j/1.2.16/log4j-1.2.16.jar:/home/sfeir/.m2/repository/javax/inject/javax.inject/1/javax.inject-1.jar:/home/sfeir/.m2/repository/javax/servlet/servlet-api/2.5/servlet-api-2.5.jar:/home/sfeir/.m2/repository/javax/servlet/jsp/jsp-api/2.1/jsp-api-2.1.jar:/home/sfeir/.m2/repository/javax/servlet/jstl/1.2/jstl-1.2.jar:/home/sfeir/.m2/repository/junit/junit/4.8/junit-4.8.jar:/home/sfeir/.m2/repository/org/seleniumhq/selenium/selenium-java/2.28.0/selenium-java-2.28.0.jar:/home/sfeir/.m2/repository/org/seleniumhq/selenium/selenium-android-driver/2.28.0/selenium-android-driver-2.28.0.jar:/home/sfeir/.m2/repository/org/seleniumhq/selenium/selenium-remote-driver/2.28.0/selenium-remote-driver-2.28.0.jar:/home/sfeir/.m2/repository/org/json/json/20080701/json-20080701.jar:/home/sfeir/.m2/repository/org/seleniumhq/selenium/selenium-api/2.28.0/selenium-api-2.28.0.jar:/home/sfeir/.m2/repository/com/google/guava/guava/13.0.1/guava-13.0.1.jar:/home/sfeir/.m2/repository/org/apache/httpcomponents/httpclient/4.2.1/httpclient-4.2.1.jar:/home/sfeir/.m2/repository/org/apache/httpcomponents/httpcore/4.2.1/httpcore-4.2.1.jar:/home/sfeir/.m2/repository/commons-logging/commons-logging/1.1.1/commons-logging-1.1.1.jar:/home/sfeir/.m2/repository/commons-codec/commons-codec/1.7/commons-codec-1.7.jar:/home/sfeir/.m2/repository/org/apache/commons/commons-exec/1.1/commons-exec-1.1.jar:/home/sfeir/.m2/repository/net/java/dev/jna/jna/3.4.0/jna-3.4.0.jar:/home/sfeir/.m2/repository/net/java/dev/jna/platform/3.4.0/platform-3.4.0.jar:/home/sfeir/.m2/repository/org/seleniumhq/selenium/selenium-chrome-driver/2.28.0/selenium-chrome-driver-2.28.0.jar:/home/sfeir/.m2/repository/org/seleniumhq/selenium/selenium-htmlunit-driver/2.28.0/selenium-htmlunit-driver-2.28.0.jar:/home/sfeir/.m2/repository/net/sourceforge/htmlunit/htmlunit/2.11/htmlunit-2.11.jar:/home/sfeir/.m2/repository/xalan/xalan/2.7.1/xalan-2.7.1.jar:/home/sfeir/.m2/repository/xalan/serializer/2.7.1/serializer-2.7.1.jar:/home/sfeir/.m2/repository/xml-apis/xml-apis/1.4.01/xml-apis-1.4.01.jar:/home/sfeir/.m2/repository/commons-collections/commons-collections/3.2.1/commons-collections-3.2.1.jar:/home/sfeir/.m2/repository/org/apache/commons/commons-lang3/3.1/commons-lang3-3.1.jar:/home/sfeir/.m2/repository/org/apache/httpcomponents/httpmime/4.2.2/httpmime-4.2.2.jar:/home/sfeir/.m2/repository/net/sourceforge/htmlunit/htmlunit-core-js/2.11/htmlunit-core-js-2.11.jar:/home/sfeir/.m2/repository/xerces/xercesImpl/2.10.0/xercesImpl-2.10.0.jar:/home/sfeir/.m2/repository/net/sourceforge/nekohtml/nekohtml/1.9.17/nekohtml-1.9.17.jar:/home/sfeir/.m2/repository/net/sourceforge/cssparser/cssparser/0.9.8/cssparser-0.9.8.jar:/home/sfeir/.m2/repository/org/w3c/css/sac/1.3/sac-1.3.jar:/home/sfeir/.m2/repository/commons-io/commons-io/2.2/commons-io-2.2.jar:/home/sfeir/.m2/repository/org/eclipse/jetty/jetty-websocket/8.1.7.v20120910/jetty-websocket-8.1.7.v20120910.jar:/home/sfeir/.m2/repository/org/eclipse/jetty/jetty-util/8.1.7.v20120910/jetty-util-8.1.7.v20120910.jar:/home/sfeir/.m2/repository/org/eclipse/jetty/jetty-io/8.1.7.v20120910/jetty-io-8.1.7.v20120910.jar:/home/sfeir/.m2/repository/org/eclipse/jetty/jetty-http/8.1.7.v20120910/jetty-http-8.1.7.v20120910.jar:/home/sfeir/.m2/repository/org/seleniumhq/selenium/selenium-firefox-driver/2.28.0/selenium-firefox-driver-2.28.0.jar:/home/sfeir/.m2/repository/org/seleniumhq/selenium/selenium-ie-driver/2.28.0/selenium-ie-driver-2.28.0.jar:/home/sfeir/.m2/repository/org/seleniumhq/selenium/selenium-iphone-driver/2.28.0/selenium-iphone-driver-2.28.0.jar:/home/sfeir/.m2/repository/org/seleniumhq/selenium/selenium-safari-driver/2.28.0/selenium-safari-driver-2.28.0.jar:/home/sfeir/.m2/repository/org/webbitserver/webbit/0.4.14/webbit-0.4.14.jar:/home/sfeir/.m2/repository/io/netty/netty/3.5.2.Final/netty-3.5.2.Final.jar:/home/sfeir/.m2/repository/org/seleniumhq/selenium/selenium-support/2.28.0/selenium-support-2.28.0.jar:/home/sfeir/.m2/repository/org/easytesting/fest-assert-core/2.0M7/fest-assert-core-2.0M7.jar:/home/sfeir/.m2/repository/org/easytesting/fest-util/1.2.2/fest-util-1.2.2.jar:/home/sfeir/.m2/repository/org/easymock/easymock/3.1/easymock-3.1.jar:/home/sfeir/.m2/repository/org/objenesis/objenesis/1.2/objenesis-1.2.jar:/home/sfeir/.m2/repository/org/springframework/spring-test/3.0.6.RELEASE/spring-test-3.0.6.RELEASE.jar:"/>
    <property name="java.specification.name" value="Java Platform API Specification"/>
    <property name="java.class.version" value="51.0"/>
    <property name="sun.management.compiler" value="HotSpot 64-Bit Tiered Compilers"/>
    <property name="os.version" value="3.2.0-37-generic"/>
    <property name="user.home" value="/home/sfeir"/>
    <property name="user.timezone" value="Europe/Paris"/>
    <property name="java.awt.printerjob" value="sun.print.PSPrinterJob"/>
    <property name="file.encoding" value="UTF-8"/>
    <property name="java.specification.version" value="1.7"/>
    <property name="user.name" value="sfeir"/>
    <property name="java.class.path" value="/home/sfeir/MyWorkspace/SpringMVC/target/test-classes:/home/sfeir/MyWorkspace/SpringMVC/target/classes:/home/sfeir/.m2/repository/org/apache/maven/surefire/surefire-junit47/2.12/surefire-junit47-2.12.jar:/home/sfeir/.m2/repository/org/apache/maven/surefire/common-junit48/2.12/common-junit48-2.12.jar:/home/sfeir/.m2/repository/org/apache/maven/surefire/common-junit4/2.12/common-junit4-2.12.jar:/home/sfeir/.m2/repository/org/apache/maven/surefire/common-junit3/2.12/common-junit3-2.12.jar:/home/sfeir/.m2/repository/org/apache/maven/surefire/surefire-api/2.12/surefire-api-2.12.jar:/home/sfeir/.m2/repository/org/apache/maven/surefire/surefire-grouper/2.12/surefire-grouper-2.12.jar:/home/sfeir/.m2/repository/org/springframework/spring-context/3.0.6.RELEASE/spring-context-3.0.6.RELEASE.jar:/home/sfeir/.m2/repository/org/springframework/spring-aop/3.0.6.RELEASE/spring-aop-3.0.6.RELEASE.jar:/home/sfeir/.m2/repository/aopalliance/aopalliance/1.0/aopalliance-1.0.jar:/home/sfeir/.m2/repository/org/springframework/spring-asm/3.0.6.RELEASE/spring-asm-3.0.6.RELEASE.jar:/home/sfeir/.m2/repository/org/springframework/spring-beans/3.0.6.RELEASE/spring-beans-3.0.6.RELEASE.jar:/home/sfeir/.m2/repository/org/springframework/spring-core/3.0.6.RELEASE/spring-core-3.0.6.RELEASE.jar:/home/sfeir/.m2/repository/org/springframework/spring-expression/3.0.6.RELEASE/spring-expression-3.0.6.RELEASE.jar:/home/sfeir/.m2/repository/org/springframework/spring-webmvc/3.0.6.RELEASE/spring-webmvc-3.0.6.RELEASE.jar:/home/sfeir/.m2/repository/org/springframework/spring-context-support/3.0.6.RELEASE/spring-context-support-3.0.6.RELEASE.jar:/home/sfeir/.m2/repository/org/springframework/spring-web/3.0.6.RELEASE/spring-web-3.0.6.RELEASE.jar:/home/sfeir/.m2/repository/cglib/cglib-nodep/2.2/cglib-nodep-2.2.jar:/home/sfeir/.m2/repository/org/slf4j/slf4j-api/1.6.1/slf4j-api-1.6.1.jar:/home/sfeir/.m2/repository/org/slf4j/jcl-over-slf4j/1.6.1/jcl-over-slf4j-1.6.1.jar:/home/sfeir/.m2/repository/org/slf4j/slf4j-log4j12/1.6.1/slf4j-log4j12-1.6.1.jar:/home/sfeir/.m2/repository/log4j/log4j/1.2.16/log4j-1.2.16.jar:/home/sfeir/.m2/repository/javax/inject/javax.inject/1/javax.inject-1.jar:/home/sfeir/.m2/repository/javax/servlet/servlet-api/2.5/servlet-api-2.5.jar:/home/sfeir/.m2/repository/javax/servlet/jsp/jsp-api/2.1/jsp-api-2.1.jar:/home/sfeir/.m2/repository/javax/servlet/jstl/1.2/jstl-1.2.jar:/home/sfeir/.m2/repository/junit/junit/4.8/junit-4.8.jar:/home/sfeir/.m2/repository/org/seleniumhq/selenium/selenium-java/2.28.0/selenium-java-2.28.0.jar:/home/sfeir/.m2/repository/org/seleniumhq/selenium/selenium-android-driver/2.28.0/selenium-android-driver-2.28.0.jar:/home/sfeir/.m2/repository/org/seleniumhq/selenium/selenium-remote-driver/2.28.0/selenium-remote-driver-2.28.0.jar:/home/sfeir/.m2/repository/org/json/json/20080701/json-20080701.jar:/home/sfeir/.m2/repository/org/seleniumhq/selenium/selenium-api/2.28.0/selenium-api-2.28.0.jar:/home/sfeir/.m2/repository/com/google/guava/guava/13.0.1/guava-13.0.1.jar:/home/sfeir/.m2/repository/org/apache/httpcomponents/httpclient/4.2.1/httpclient-4.2.1.jar:/home/sfeir/.m2/repository/org/apache/httpcomponents/httpcore/4.2.1/httpcore-4.2.1.jar:/home/sfeir/.m2/repository/commons-logging/commons-logging/1.1.1/commons-logging-1.1.1.jar:/home/sfeir/.m2/repository/commons-codec/commons-codec/1.7/commons-codec-1.7.jar:/home/sfeir/.m2/repository/org/apache/commons/commons-exec/1.1/commons-exec-1.1.jar:/home/sfeir/.m2/repository/net/java/dev/jna/jna/3.4.0/jna-3.4.0.jar:/home/sfeir/.m2/repository/net/java/dev/jna/platform/3.4.0/platform-3.4.0.jar:/home/sfeir/.m2/repository/org/seleniumhq/selenium/selenium-chrome-driver/2.28.0/selenium-chrome-driver-2.28.0.jar:/home/sfeir/.m2/repository/org/seleniumhq/selenium/selenium-htmlunit-driver/2.28.0/selenium-htmlunit-driver-2.28.0.jar:/home/sfeir/.m2/repository/net/sourceforge/htmlunit/htmlunit/2.11/htmlunit-2.11.jar:/home/sfeir/.m2/repository/xalan/xalan/2.7.1/xalan-2.7.1.jar:/home/sfeir/.m2/repository/xalan/serializer/2.7.1/serializer-2.7.1.jar:/home/sfeir/.m2/repository/xml-apis/xml-apis/1.4.01/xml-apis-1.4.01.jar:/home/sfeir/.m2/repository/commons-collections/commons-collections/3.2.1/commons-collections-3.2.1.jar:/home/sfeir/.m2/repository/org/apache/commons/commons-lang3/3.1/commons-lang3-3.1.jar:/home/sfeir/.m2/repository/org/apache/httpcomponents/httpmime/4.2.2/httpmime-4.2.2.jar:/home/sfeir/.m2/repository/net/sourceforge/htmlunit/htmlunit-core-js/2.11/htmlunit-core-js-2.11.jar:/home/sfeir/.m2/repository/xerces/xercesImpl/2.10.0/xercesImpl-2.10.0.jar:/home/sfeir/.m2/repository/net/sourceforge/nekohtml/nekohtml/1.9.17/nekohtml-1.9.17.jar:/home/sfeir/.m2/repository/net/sourceforge/cssparser/cssparser/0.9.8/cssparser-0.9.8.jar:/home/sfeir/.m2/repository/org/w3c/css/sac/1.3/sac-1.3.jar:/home/sfeir/.m2/repository/commons-io/commons-io/2.2/commons-io-2.2.jar:/home/sfeir/.m2/repository/org/eclipse/jetty/jetty-websocket/8.1.7.v20120910/jetty-websocket-8.1.7.v20120910.jar:/home/sfeir/.m2/repository/org/eclipse/jetty/jetty-util/8.1.7.v20120910/jetty-util-8.1.7.v20120910.jar:/home/sfeir/.m2/repository/org/eclipse/jetty/jetty-io/8.1.7.v20120910/jetty-io-8.1.7.v20120910.jar:/home/sfeir/.m2/repository/org/eclipse/jetty/jetty-http/8.1.7.v20120910/jetty-http-8.1.7.v20120910.jar:/home/sfeir/.m2/repository/org/seleniumhq/selenium/selenium-firefox-driver/2.28.0/selenium-firefox-driver-2.28.0.jar:/home/sfeir/.m2/repository/org/seleniumhq/selenium/selenium-ie-driver/2.28.0/selenium-ie-driver-2.28.0.jar:/home/sfeir/.m2/repository/org/seleniumhq/selenium/selenium-iphone-driver/2.28.0/selenium-iphone-driver-2.28.0.jar:/home/sfeir/.m2/repository/org/seleniumhq/selenium/selenium-safari-driver/2.28.0/selenium-safari-driver-2.28.0.jar:/home/sfeir/.m2/repository/org/webbitserver/webbit/0.4.14/webbit-0.4.14.jar:/home/sfeir/.m2/repository/io/netty/netty/3.5.2.Final/netty-3.5.2.Final.jar:/home/sfeir/.m2/repository/org/seleniumhq/selenium/selenium-support/2.28.0/selenium-support-2.28.0.jar:/home/sfeir/.m2/repository/org/easytesting/fest-assert-core/2.0M7/fest-assert-core-2.0M7.jar:/home/sfeir/.m2/repository/org/easytesting/fest-util/1.2.2/fest-util-1.2.2.jar:/home/sfeir/.m2/repository/org/easymock/easymock/3.1/easymock-3.1.jar:/home/sfeir/.m2/repository/org/objenesis/objenesis/1.2/objenesis-1.2.jar:/home/sfeir/.m2/repository/org/springframework/spring-test/3.0.6.RELEASE/spring-test-3.0.6.RELEASE.jar:"/>
    <property name="java.vm.specification.version" value="1.7"/>
    <property name="sun.arch.data.model" value="64"/>
    <property name="java.home" value="/usr/lib/jvm/java-7-oracle/jre"/>
    <property name="sun.java.command" value="/tmp/surefirebooter8815533522313130902.jar /tmp/surefire3766959598967674366tmp /tmp/surefire20350143369361198tmp"/>
    <property name="java.specification.vendor" value="Oracle Corporation"/>
    <property name="user.language" value="fr"/>
    <property name="awt.toolkit" value="sun.awt.X11.XToolkit"/>
    <property name="java.vm.info" value="mixed mode"/>
    <property name="java.version" value="1.7.0_13"/>
    <property name="java.ext.dirs" value="/usr/lib/jvm/java-7-oracle/jre/lib/ext:/usr/java/packages/lib/ext"/>
    <property name="sun.boot.class.path" value="/usr/lib/jvm/java-7-oracle/jre/lib/resources.jar:/usr/lib/jvm/java-7-oracle/jre/lib/rt.jar:/usr/lib/jvm/java-7-oracle/jre/lib/sunrsasign.jar:/usr/lib/jvm/java-7-oracle/jre/lib/jsse.jar:/usr/lib/jvm/java-7-oracle/jre/lib/jce.jar:/usr/lib/jvm/java-7-oracle/jre/lib/charsets.jar:/usr/lib/jvm/java-7-oracle/jre/lib/jfr.jar:/usr/lib/jvm/java-7-oracle/jre/classes"/>
    <property name="java.vendor" value="Oracle Corporation"/>
    <property name="localRepository" value="/home/sfeir/.m2/repository"/>
    <property name="file.separator" value="/"/>
    <property name="java.vendor.url.bug" value="http://bugreport.sun.com/bugreport/"/>
    <property name="sun.cpu.endian" value="little"/>
    <property name="sun.io.unicode.encoding" value="UnicodeLittle"/>
    <property name="sun.desktop" value="gnome"/>
    <property name="sun.cpu.isalist" value=""/>
  </properties>
  <testcase time="1.565" classname="com.shaunabram.springmvc.controller.HelloWorldControllerIT" name="greeting_throws_no_exceptions_when_all_autowired"/>
</testsuite>